<?xml version="1.0" encoding="UTF-8"?>
<testsuite name="com.thoughtworks.collection.StreamMapTest" tests="1" skipped="0" failures="0" errors="0" timestamp="2022-07-20T05:57:42" hostname="ZHA-ITA067-W10" time="0.021">
  <properties/>
  <testcase name="should_map_to_length()" classname="com.thoughtworks.collection.StreamMapTest" time="0.021"/>
  <system-out><![CDATA[]]></system-out>
  <system-err><![CDATA[]]></system-err>
</testsuite>
