<?xml version="1.0" encoding="UTF-8"?>
<testsuite name="com.thoughtworks.collection.StreamFilterTest" tests="3" skipped="0" failures="0" errors="0" timestamp="2022-07-20T03:50:14" hostname="ZHA-ITA067-W10" time="0.03">
  <properties/>
  <testcase name="should_return_common_elements()" classname="com.thoughtworks.collection.StreamFilterTest" time="0.026"/>
  <testcase name="should_return_words_end_with_s()" classname="com.thoughtworks.collection.StreamFilterTest" time="0.001"/>
  <testcase name="should_return_even()" classname="com.thoughtworks.collection.StreamFilterTest" time="0.001"/>
  <system-out><![CDATA[]]></system-out>
  <system-err><![CDATA[]]></system-err>
</testsuite>
